2024.10.03 22:44:57 INFO  Started: Metals version 1.3.5 in folders '/home/eon/Documentos/TFM/RISC-V-CPU' for client Visual Studio Code 1.93.1.
SLF4J(W): Class path contains multiple SLF4J providers.
SLF4J(W): Found provider [scribe.slf4j.ScribeServiceProvider@795b3650]
SLF4J(W): Found provider [ch.qos.logback.classic.spi.LogbackServiceProvider@73aa3e53]
SLF4J(W): See https://www.slf4j.org/codes.html#multiple_bindings for an explanation.
SLF4J(I): Actual provider is of type [scribe.slf4j.ScribeServiceProvider@795b3650]
2024.10.03 22:44:57 WARN  Flyway upgrade recommended: H2 2.3.230 is newer than this version of Flyway and support has not been tested. The latest supported version of H2 is 2.2.220.
oct 03, 2024 10:44:58 P. M. org.eclipse.lsp4j.jsonrpc.RemoteEndpoint handleCancellation
ADVERTENCIA: Unmatched cancel notification for request id 3
oct 03, 2024 10:44:58 P. M. org.eclipse.lsp4j.jsonrpc.RemoteEndpoint handleCancellation
ADVERTENCIA: Unmatched cancel notification for request id 1
2024.10.03 22:45:07 INFO  running '/home/eon/.local/share/coursier/bin/sbt -Dbloop.export-jar-classifiers=sources bloopInstall'
2024.10.03 22:45:08 ERROR [info] [launcher] getting org.scala-sbt sbt 1.9.7  (this may take some time)...
2024.10.03 22:45:12 ERROR [info] [launcher] getting Scala 2.12.18 (for sbt)...
2024.10.03 22:45:14 INFO  [info] welcome to sbt 1.9.7 (Eclipse Adoptium Java 11.0.23)
2024.10.03 22:45:14 INFO  no build target found for /home/eon/Documentos/TFM/RISC-V-CPU/ca2023-lab3/src/main/scala/riscv/core/InstructionFetch.scala. Using presentation compiler with project's scala-library version: 3.3.3
2024.10.03 22:45:16 INFO  no build target found for /home/eon/Documentos/TFM/RISC-V-CPU/ca2023-lab3/src/main/scala/riscv/core/InstructionFetch.scala. Using presentation compiler with project's scala-library version: 3.3.3
2024.10.03 22:45:17 INFO  no build target found for /home/eon/Documentos/TFM/RISC-V-CPU/ca2023-lab3/src/main/scala/riscv/core/InstructionFetch.scala. Using presentation compiler with project's scala-library version: 3.3.3
2024.10.03 22:45:16 INFO  no build target found for /home/eon/Documentos/TFM/RISC-V-CPU/ca2023-lab3/src/main/scala/riscv/core/InstructionFetch.scala. Using presentation compiler with project's scala-library version: 3.3.3
2024.10.03 22:45:16 INFO  no build target found for /home/eon/Documentos/TFM/RISC-V-CPU/ca2023-lab3/src/main/scala/riscv/core/InstructionFetch.scala. Using presentation compiler with project's scala-library version: 3.3.3
2024.10.03 22:45:16 INFO  no build target found for /home/eon/Documentos/TFM/RISC-V-CPU/ca2023-lab3/src/main/scala/riscv/core/InstructionFetch.scala. Using presentation compiler with project's scala-library version: 3.3.3
2024.10.03 22:45:18 INFO  [info] loading settings for project ca2023-lab3-build-build-build from metals.sbt ...
2024.10.03 22:45:19 INFO  no build target found for /home/eon/Documentos/TFM/RISC-V-CPU/ca2023-lab3/src/main/scala/riscv/core/InstructionFetch.scala. Using presentation compiler with project's scala-library version: 3.3.3
2024.10.03 22:45:19 INFO  no build target found for /home/eon/Documentos/TFM/RISC-V-CPU/ca2023-lab3/src/main/scala/riscv/core/InstructionFetch.scala. Using presentation compiler with project's scala-library version: 3.3.3
2024.10.03 22:45:19 INFO  no build target found for /home/eon/Documentos/TFM/RISC-V-CPU/ca2023-lab3/src/main/scala/riscv/core/InstructionFetch.scala. Using presentation compiler with project's scala-library version: 3.3.3
2024.10.03 22:45:19 INFO  no build target found for /home/eon/Documentos/TFM/RISC-V-CPU/ca2023-lab3/src/main/scala/riscv/core/InstructionFetch.scala. Using presentation compiler with project's scala-library version: 3.3.3
2024.10.03 22:45:19 INFO  no build target found for /home/eon/Documentos/TFM/RISC-V-CPU/ca2023-lab3/src/main/scala/riscv/core/InstructionFetch.scala. Using presentation compiler with project's scala-library version: 3.3.3
2024.10.03 22:45:19 INFO  no build target found for /home/eon/Documentos/TFM/RISC-V-CPU/ca2023-lab3/src/main/scala/riscv/core/InstructionFetch.scala. Using presentation compiler with project's scala-library version: 3.3.3
2024.10.03 22:45:19 INFO  no build target found for /home/eon/Documentos/TFM/RISC-V-CPU/ca2023-lab3/src/main/scala/riscv/core/InstructionFetch.scala. Using presentation compiler with project's scala-library version: 3.3.3
2024.10.03 22:45:19 INFO  no build target found for /home/eon/Documentos/TFM/RISC-V-CPU/ca2023-lab3/src/main/scala/riscv/core/InstructionFetch.scala. Using presentation compiler with project's scala-library version: 3.3.3
2024.10.03 22:45:19 INFO  no build target found for /home/eon/Documentos/TFM/RISC-V-CPU/ca2023-lab3/src/main/scala/riscv/core/InstructionFetch.scala. Using presentation compiler with project's scala-library version: 3.3.3
oct 03, 2024 10:45:19 P. M. org.eclipse.lsp4j.jsonrpc.RemoteEndpoint handleCancellation
ADVERTENCIA: Unmatched cancel notification for request id 10
2024.10.03 22:45:19 INFO  no build target found for /home/eon/Documentos/TFM/RISC-V-CPU/ca2023-lab3/src/main/scala/riscv/core/InstructionFetch.scala. Using presentation compiler with project's scala-library version: 3.3.3
2024.10.03 22:45:19 INFO  no build target found for /home/eon/Documentos/TFM/RISC-V-CPU/ca2023-lab3/src/main/scala/riscv/core/InstructionFetch.scala. Using presentation compiler with project's scala-library version: 3.3.3
2024.10.03 22:45:19 INFO  [info] loading project definition from /home/eon/Documentos/TFM/RISC-V-CPU/ca2023-lab3/project/project/project
oct 03, 2024 10:45:19 P. M. org.eclipse.lsp4j.jsonrpc.RemoteEndpoint handleCancellation
ADVERTENCIA: Unmatched cancel notification for request id 30
2024.10.03 22:45:21 INFO  no build target found for /home/eon/Documentos/TFM/RISC-V-CPU/ca2023-lab3/src/main/scala/riscv/core/InstructionFetch.scala. Using presentation compiler with project's scala-library version: 3.3.3
2024.10.03 22:45:23 INFO  [info] loading settings for project ca2023-lab3-build-build from metals.sbt ...
2024.10.03 22:45:23 INFO  no build target found for /home/eon/Documentos/TFM/RISC-V-CPU/ca2023-lab3/src/main/scala/riscv/core/InstructionFetch.scala. Using presentation compiler with project's scala-library version: 3.3.3
2024.10.03 22:45:23 INFO  [info] loading project definition from /home/eon/Documentos/TFM/RISC-V-CPU/ca2023-lab3/project/project
2024.10.03 22:45:25 INFO  no build target found for /home/eon/Documentos/TFM/RISC-V-CPU/ca2023-lab3/src/main/scala/riscv/core/InstructionFetch.scala. Using presentation compiler with project's scala-library version: 3.3.3
2024.10.03 22:45:26 INFO  no build target found for /home/eon/Documentos/TFM/RISC-V-CPU/ca2023-lab3/src/main/scala/riscv/core/InstructionFetch.scala. Using presentation compiler with project's scala-library version: 3.3.3
2024.10.03 22:45:28 INFO  [success] Generated .bloop/ca2023-lab3-build-build.json
2024.10.03 22:45:28 INFO  [success] Total time: 5 s, completed 3 oct. 2024 22:45:28
2024.10.03 22:45:28 INFO  no build target found for /home/eon/Documentos/TFM/RISC-V-CPU/ca2023-lab3/src/main/scala/riscv/core/InstructionFetch.scala. Using presentation compiler with project's scala-library version: 3.3.3
2024.10.03 22:45:28 INFO  no build target found for /home/eon/Documentos/TFM/RISC-V-CPU/ca2023-lab3/src/main/scala/riscv/core/InstructionFetch.scala. Using presentation compiler with project's scala-library version: 3.3.3
2024.10.03 22:45:29 INFO  [info] loading settings for project ca2023-lab3-build from metals.sbt,plugins.sbt ...
2024.10.03 22:45:29 INFO  [info] loading project definition from /home/eon/Documentos/TFM/RISC-V-CPU/ca2023-lab3/project
2024.10.03 22:45:31 INFO  [success] Total time: 2 s, completed 3 oct. 2024 22:45:31
2024.10.03 22:45:32 INFO  no build target found for /home/eon/Documentos/TFM/RISC-V-CPU/ca2023-lab3/src/main/scala/riscv/core/InstructionFetch.scala. Using presentation compiler with project's scala-library version: 3.3.3
2024.10.03 22:45:32 INFO  no build target found for /home/eon/Documentos/TFM/RISC-V-CPU/ca2023-lab3/src/main/scala/riscv/core/InstructionFetch.scala. Using presentation compiler with project's scala-library version: 3.3.3
2024.10.03 22:45:32 INFO  [info] loading settings for project root from build.sbt ...
2024.10.03 22:45:32 INFO  [info] set current project to mycpu (in build file:/home/eon/Documentos/TFM/RISC-V-CPU/ca2023-lab3/)
2024.10.03 22:45:35 INFO  no build target found for /home/eon/Documentos/TFM/RISC-V-CPU/ca2023-lab3/src/main/scala/riscv/core/InstructionFetch.scala. Using presentation compiler with project's scala-library version: 3.3.3
2024.10.03 22:45:35 INFO  no build target found for /home/eon/Documentos/TFM/RISC-V-CPU/ca2023-lab3/src/main/scala/riscv/core/InstructionFetch.scala. Using presentation compiler with project's scala-library version: 3.3.3
2024.10.03 22:45:35 INFO  no build target found for /home/eon/Documentos/TFM/RISC-V-CPU/ca2023-lab3/src/main/scala/riscv/core/InstructionFetch.scala. Using presentation compiler with project's scala-library version: 3.3.3
2024.10.03 22:45:35 INFO  no build target found for /home/eon/Documentos/TFM/RISC-V-CPU/ca2023-lab3/src/main/scala/riscv/core/InstructionFetch.scala. Using presentation compiler with project's scala-library version: 3.3.3
2024.10.03 22:45:35 INFO  no build target found for /home/eon/Documentos/TFM/RISC-V-CPU/ca2023-lab3/src/main/scala/riscv/core/InstructionFetch.scala. Using presentation compiler with project's scala-library version: 3.3.3
2024.10.03 22:45:35 INFO  no build target found for /home/eon/Documentos/TFM/RISC-V-CPU/ca2023-lab3/src/main/scala/riscv/core/InstructionFetch.scala. Using presentation compiler with project's scala-library version: 3.3.3
2024.10.03 22:45:35 INFO  no build target found for /home/eon/Documentos/TFM/RISC-V-CPU/ca2023-lab3/src/main/scala/riscv/core/InstructionFetch.scala. Using presentation compiler with project's scala-library version: 3.3.3
2024.10.03 22:45:35 INFO  no build target found for /home/eon/Documentos/TFM/RISC-V-CPU/ca2023-lab3/src/main/scala/riscv/core/InstructionFetch.scala. Using presentation compiler with project's scala-library version: 3.3.3
2024.10.03 22:45:36 INFO  no build target found for /home/eon/Documentos/TFM/RISC-V-CPU/ca2023-lab3/src/main/scala/riscv/core/InstructionFetch.scala. Using presentation compiler with project's scala-library version: 3.3.3
2024.10.03 22:45:36 INFO  no build target found for /home/eon/Documentos/TFM/RISC-V-CPU/ca2023-lab3/src/main/scala/riscv/core/InstructionFetch.scala. Using presentation compiler with project's scala-library version: 3.3.3
2024.10.03 22:45:36 INFO  no build target found for /home/eon/Documentos/TFM/RISC-V-CPU/ca2023-lab3/src/main/scala/riscv/core/InstructionFetch.scala. Using presentation compiler with project's scala-library version: 3.3.3
2024.10.03 22:45:36 INFO  no build target found for /home/eon/Documentos/TFM/RISC-V-CPU/ca2023-lab3/src/main/scala/riscv/core/InstructionFetch.scala. Using presentation compiler with project's scala-library version: 3.3.3
2024.10.03 22:45:36 INFO  no build target found for /home/eon/Documentos/TFM/RISC-V-CPU/ca2023-lab3/src/main/scala/riscv/core/InstructionFetch.scala. Using presentation compiler with project's scala-library version: 3.3.3
2024.10.03 22:45:36 INFO  no build target found for /home/eon/Documentos/TFM/RISC-V-CPU/ca2023-lab3/src/main/scala/riscv/core/InstructionFetch.scala. Using presentation compiler with project's scala-library version: 3.3.3
2024.10.03 22:45:36 INFO  no build target found for /home/eon/Documentos/TFM/RISC-V-CPU/ca2023-lab3/src/main/scala/riscv/core/InstructionFetch.scala. Using presentation compiler with project's scala-library version: 3.3.3
2024.10.03 22:45:37 INFO  no build target found for /home/eon/Documentos/TFM/RISC-V-CPU/ca2023-lab3/src/main/scala/riscv/core/InstructionFetch.scala. Using presentation compiler with project's scala-library version: 3.3.3
2024.10.03 22:45:37 INFO  no build target found for /home/eon/Documentos/TFM/RISC-V-CPU/ca2023-lab3/src/main/scala/riscv/core/InstructionFetch.scala. Using presentation compiler with project's scala-library version: 3.3.3
2024.10.03 22:45:37 INFO  no build target found for /home/eon/Documentos/TFM/RISC-V-CPU/ca2023-lab3/src/main/scala/riscv/core/InstructionFetch.scala. Using presentation compiler with project's scala-library version: 3.3.3
2024.10.03 22:45:39 INFO  [success] Generated .bloop/root-test.json
2024.10.03 22:45:39 INFO  [success] Generated .bloop/root.json
2024.10.03 22:45:39 INFO  [success] Total time: 6 s, completed 3 oct. 2024 22:45:39
2024.10.03 22:45:39 INFO  no build target found for /home/eon/Documentos/TFM/RISC-V-CPU/ca2023-lab3/src/main/scala/riscv/core/InstructionFetch.scala. Using presentation compiler with project's scala-library version: 3.3.3
2024.10.03 22:45:39 INFO  no build target found for /home/eon/Documentos/TFM/RISC-V-CPU/ca2023-lab3/src/main/scala/riscv/core/InstructionFetch.scala. Using presentation compiler with project's scala-library version: 3.3.3
2024.10.03 22:45:39 INFO  time: ran 'sbt bloopInstall' in 31s
2024.10.03 22:45:39 INFO  Attempting to connect to the build server...
2024.10.03 22:45:39 INFO  Setting up current java home /home/eon/.cache/coursier/arc/https/github.com/adoptium/temurin17-binaries/releases/download/jdk-17%252B35/OpenJDK17-jdk_x64_linux_hotspot_17_35.tar.gz/jdk-17+35 in /home/eon/.bloop/bloop.json
2024.10.03 22:45:40 INFO  no build target found for /home/eon/Documentos/TFM/RISC-V-CPU/ca2023-lab3/src/main/scala/riscv/core/InstructionFetch.scala. Using presentation compiler with project's scala-library version: 3.3.3
2024.10.03 22:45:40 INFO  no build target found for /home/eon/Documentos/TFM/RISC-V-CPU/ca2023-lab3/src/main/scala/riscv/core/InstructionFetch.scala. Using presentation compiler with project's scala-library version: 3.3.3
2024.10.03 22:45:40 INFO  no build target found for /home/eon/Documentos/TFM/RISC-V-CPU/ca2023-lab3/src/main/scala/riscv/core/InstructionFetch.scala. Using presentation compiler with project's scala-library version: 3.3.3
2024.10.03 22:45:41 INFO  no build target found for /home/eon/Documentos/TFM/RISC-V-CPU/ca2023-lab3/src/main/scala/riscv/core/InstructionFetch.scala. Using presentation compiler with project's scala-library version: 3.3.3
2024.10.03 22:45:41 INFO  no build target found for /home/eon/Documentos/TFM/RISC-V-CPU/ca2023-lab3/src/main/scala/riscv/core/InstructionFetch.scala. Using presentation compiler with project's scala-library version: 3.3.3
2024.10.03 22:45:41 INFO  no build target found for /home/eon/Documentos/TFM/RISC-V-CPU/ca2023-lab3/src/main/scala/riscv/core/InstructionFetch.scala. Using presentation compiler with project's scala-library version: 3.3.3
2024.10.03 22:45:41 INFO  no build target found for /home/eon/Documentos/TFM/RISC-V-CPU/ca2023-lab3/src/main/scala/riscv/core/InstructionFetch.scala. Using presentation compiler with project's scala-library version: 3.3.3
2024.10.03 22:45:42 INFO  no build target found for /home/eon/Documentos/TFM/RISC-V-CPU/ca2023-lab3/src/main/scala/riscv/core/InstructionFetch.scala. Using presentation compiler with project's scala-library version: 3.3.3
2024.10.03 22:45:42 INFO  no build target found for /home/eon/Documentos/TFM/RISC-V-CPU/ca2023-lab3/src/main/scala/riscv/core/InstructionFetch.scala. Using presentation compiler with project's scala-library version: 3.3.3
2024.10.03 22:45:42 INFO  no build target found for /home/eon/Documentos/TFM/RISC-V-CPU/ca2023-lab3/src/main/scala/riscv/core/InstructionFetch.scala. Using presentation compiler with project's scala-library version: 3.3.3
2024.10.03 22:45:42 INFO  no build target found for /home/eon/Documentos/TFM/RISC-V-CPU/ca2023-lab3/src/main/scala/riscv/core/InstructionFetch.scala. Using presentation compiler with project's scala-library version: 3.3.3
2024.10.03 22:45:42 INFO  no build target found for /home/eon/Documentos/TFM/RISC-V-CPU/ca2023-lab3/src/main/scala/riscv/core/InstructionFetch.scala. Using presentation compiler with project's scala-library version: 3.3.3
2024.10.03 22:45:42 INFO  no build target found for /home/eon/Documentos/TFM/RISC-V-CPU/ca2023-lab3/src/main/scala/riscv/core/InstructionFetch.scala. Using presentation compiler with project's scala-library version: 3.3.3
2024.10.03 22:45:44 INFO  no build target found for /home/eon/Documentos/TFM/RISC-V-CPU/ca2023-lab3/src/main/scala/riscv/core/InstructionFetch.scala. Using presentation compiler with project's scala-library version: 3.3.3
2024.10.03 22:45:44 INFO  tracing is disabled for protocol BSP, to enable tracing of incoming and outgoing JSON messages create an empty file at /home/eon/Documentos/TFM/RISC-V-CPU/.metals/bsp.trace.json or /home/eon/.cache/metals/bsp.trace.json
2024.10.03 22:45:48 INFO  time: Connected to build server in 8.6s
2024.10.03 22:45:48 INFO  Connected to Build server: Bloop v1.6.0
2024.10.03 22:45:48 INFO  time: Imported build in 0.16s
2024.10.03 22:45:48 INFO  running doctor check
2024.10.03 22:45:48 INFO  java targets: root-test, root
2024.10.03 22:45:48 WARN  2.13.10 is no longer supported in the current Metals versions, using the last known supported version 1.3.3
2024.10.03 22:45:52 WARN  Flyway upgrade recommended: H2 2.3.230 is newer than this version of Flyway and support has not been tested. The latest supported version of H2 is 2.2.220.
2024.10.03 22:46:12 INFO  time: indexed workspace in 24s
2024.10.03 22:46:13 INFO  compiling root (16 scala sources)
2024.10.03 22:46:13 INFO  Non-compiled module 'compiler-bridge_2.13' for Scala 2.13.10. Compiling...
2024.10.03 22:46:22 INFO  Compilation completed in 9.53s.
2024.10.03 22:46:26 WARN  Using indexes to guess the definition of instruction_address
2024.10.03 22:46:26 WARN  Using indexes to guess the definition of instruction
2024.10.03 22:46:26 WARN  Using indexes to guess the definition of instruction_address
2024.10.03 22:46:30 WARN  Using indexes to guess the definition of Parameters
2024.10.03 22:46:31 WARN  Using indexes to guess the definition of Parameters
2024.10.03 22:46:36 INFO  compiling root-test (6 scala sources)
2024.10.03 22:46:36 INFO  time: compiled root in 24s
2024.10.03 22:46:40 INFO  time: compiled root-test in 3.84s
oct 03, 2024 10:46:44 P. M. org.eclipse.lsp4j.jsonrpc.RemoteEndpoint handleCancellation
ADVERTENCIA: Unmatched cancel notification for request id 208
oct 03, 2024 10:46:44 P. M. org.eclipse.lsp4j.jsonrpc.RemoteEndpoint handleCancellation
ADVERTENCIA: Unmatched cancel notification for request id 210
2024.10.03 22:48:38 INFO  compiling root (1 scala source)
2024.10.03 22:48:39 INFO  time: compiled root in 1.32s
2024.10.03 22:48:39 INFO  compiling root (1 scala source)
2024.10.03 22:48:39 WARN  Could not load snapshot text for /home/eon/Documentos/TFM/RISC-V-CPU/ca2023-lab3/src/main/scala/riscv/core/CPU.scala
2024.10.03 22:48:40 WARN  Could not load snapshot text for /home/eon/Documentos/TFM/RISC-V-CPU/ca2023-lab3/src/main/scala/riscv/core/CPU.scala
2024.10.03 22:48:40 WARN  Could not load snapshot text for /home/eon/Documentos/TFM/RISC-V-CPU/ca2023-lab3/src/main/scala/riscv/core/CPU.scala
2024.10.03 22:48:41 WARN  Could not load snapshot text for /home/eon/Documentos/TFM/RISC-V-CPU/ca2023-lab3/src/main/scala/riscv/core/CPU.scala
2024.10.03 22:48:41 INFO  time: compiled root in 1.74s
2024.10.03 22:48:42 INFO  compiling root (1 scala source)
2024.10.03 22:48:42 INFO  time: compiled root in 0.12s
2024.10.03 22:48:44 INFO  compiling root (1 scala source)
2024.10.03 22:48:45 INFO  time: compiled root in 1.13s
2024.10.03 22:49:09 INFO  compiling root (1 scala source)
2024.10.03 22:49:09 INFO  time: compiled root in 0.93s
2024.10.03 22:49:16 INFO  compiling root (1 scala source)
2024.10.03 22:49:16 INFO  time: compiled root in 0.92s
2024.10.03 22:49:19 INFO  compiling root (1 scala source)
2024.10.03 22:49:19 INFO  time: compiled root in 0.91s
2024.10.03 22:49:23 INFO  compiling root (1 scala source)
2024.10.03 22:49:23 INFO  time: compiled root in 0.98s
2024.10.03 22:49:24 INFO  compiling root (1 scala source)
2024.10.03 22:49:26 INFO  time: compiled root in 1.83s
oct 03, 2024 10:49:29 P. M. org.eclipse.lsp4j.jsonrpc.RemoteEndpoint handleCancellation
ADVERTENCIA: Unmatched cancel notification for request id 579
2024.10.03 22:49:30 INFO  compiling root (1 scala source)
2024.10.03 22:49:30 INFO  time: compiled root in 0.89s
2024.10.03 22:49:35 INFO  compiling root (1 scala source)
2024.10.03 22:49:35 INFO  time: compiled root in 0.92s
2024.10.03 22:49:39 INFO  compiling root (1 scala source)
2024.10.03 22:49:39 INFO  time: compiled root in 0.99s
2024.10.03 22:49:41 INFO  compiling root (1 scala source)
2024.10.03 22:49:41 WARN  Could not load snapshot text for /home/eon/Documentos/TFM/RISC-V-CPU/ca2023-lab3/src/main/scala/riscv/core/CPU.scala
2024.10.03 22:49:42 INFO  time: compiled root in 1.08s
2024.10.03 22:49:42 INFO  compiling root (1 scala source)
2024.10.03 22:49:43 INFO  time: compiled root in 1.28s
2024.10.03 22:50:25 INFO  compiling root (1 scala source)
2024.10.03 22:50:25 INFO  time: compiled root in 0.9s
2024.10.03 22:50:31 INFO  compiling root (1 scala source)
2024.10.03 22:50:31 INFO  time: compiled root in 0.92s
2024.10.03 22:50:32 INFO  compiling root (1 scala source)
2024.10.03 22:50:32 INFO  time: compiled root in 0.8s
2024.10.03 22:53:37 INFO  compiling root (1 scala source)
2024.10.03 22:53:37 INFO  time: compiled root in 0.72s
oct 03, 2024 10:53:38 P. M. scala.meta.internal.pc.CompletionProvider expected$1
ADVERTENCIA: offset 457, count -1, length 1038
2024.10.03 22:53:39 INFO  compiling root (1 scala source)
2024.10.03 22:53:39 INFO  time: compiled root in 0.17s
2024.10.03 22:53:51 INFO  compiling root-test (1 scala source)
2024.10.03 22:53:52 INFO  time: compiled root-test in 1.92s
2024.10.03 22:54:29 INFO  compiling root (1 scala source)
2024.10.03 22:54:29 INFO  time: compiled root in 0.8s
2024.10.03 22:55:23 INFO  compiling root (1 scala source)
2024.10.03 22:55:24 INFO  time: compiled root in 1.16s
2024.10.03 22:55:25 WARN  Could not load snapshot text for /home/eon/Documentos/TFM/RISC-V-CPU/ca2023-lab3/src/main/scala/riscv/core/Execute.scala
2024.10.03 22:55:29 INFO  compiling root (16 scala sources)
2024.10.03 22:55:34 INFO  compiling root-test (6 scala sources)
2024.10.03 22:55:34 INFO  time: compiled root in 4.14s
2024.10.03 22:55:35 INFO  time: compiled root-test in 1.56s
2024.10.03 22:56:08 INFO  compiling root (1 scala source)
2024.10.03 22:56:08 INFO  time: compiled root in 0.73s
2024.10.03 22:56:11 INFO  compiling root (1 scala source)
2024.10.03 22:56:11 INFO  time: compiled root in 0.68s
2024.10.03 22:56:13 INFO  compiling root (1 scala source)
2024.10.03 22:56:15 INFO  time: compiled root in 1.08s
oct 03, 2024 10:56:25 P. M. org.eclipse.lsp4j.jsonrpc.services.GenericEndpoint notify
INFORMACIÓN: Unsupported notification method: $/setTrace
2024.10.03 22:56:29 INFO  compiling root (1 scala source)
2024.10.03 22:56:29 INFO  time: compiled root in 0.77s
2024.10.03 22:56:31 INFO  compiling root (1 scala source)
2024.10.03 22:56:31 INFO  time: compiled root in 0.78s
oct 03, 2024 10:57:01 P. M. org.eclipse.lsp4j.jsonrpc.services.GenericEndpoint notify
INFORMACIÓN: Unsupported notification method: $/setTrace
2024.10.03 22:57:05 INFO  compiling root (1 scala source)
2024.10.03 22:57:05 INFO  time: compiled root in 0.69s
2024.10.03 22:57:09 INFO  compiling root (1 scala source)
2024.10.03 22:57:09 INFO  time: compiled root in 0.68s
2024.10.03 22:57:12 INFO  compiling root (1 scala source)
2024.10.03 22:57:12 INFO  time: compiled root in 0.16s
2024.10.03 22:57:13 INFO  compiling root (1 scala source)
2024.10.03 22:57:13 INFO  time: compiled root in 73ms
2024.10.03 22:57:16 INFO  compiling root (1 scala source)
2024.10.03 22:57:16 INFO  time: compiled root in 0.11s
2024.10.03 22:57:20 INFO  compiling root (1 scala source)
2024.10.03 22:57:20 INFO  time: compiled root in 0.76s
2024.10.03 22:57:20 INFO  compiling root (1 scala source)
2024.10.03 22:57:20 INFO  time: compiled root in 0.12s
2024.10.03 22:58:46 INFO  compiling root (1 scala source)
2024.10.03 22:58:46 INFO  time: compiled root in 0.67s
2024.10.03 22:59:08 INFO  compiling root (1 scala source)
2024.10.03 22:59:08 INFO  time: compiled root in 0.12s
2024.10.03 22:59:13 INFO  compiling root (1 scala source)
2024.10.03 22:59:13 INFO  time: compiled root in 0.12s
2024.10.03 22:59:21 INFO  compiling root (1 scala source)
2024.10.03 22:59:21 INFO  time: compiled root in 87ms
2024.10.03 22:59:25 INFO  compiling root (1 scala source)
2024.10.03 22:59:25 INFO  time: compiled root in 0.16s
2024.10.03 22:59:35 INFO  compiling root (1 scala source)
2024.10.03 22:59:35 INFO  time: compiled root in 0.74s
2024.10.03 23:08:46 INFO  Shutting down server
2024.10.03 23:08:46 INFO  shutting down Metals
2024.10.03 23:08:46 INFO  Shut down connection with build server.
2024.10.03 23:08:46 INFO  Exiting server
2024.10.04 10:28:20 INFO  Started: Metals version 1.3.5 in folders '/home/eon/Documentos/TFM/RISC-V-CPU' for client Visual Studio Code 1.93.1.
SLF4J(W): Class path contains multiple SLF4J providers.
SLF4J(W): Found provider [scribe.slf4j.ScribeServiceProvider@3fa397a8]
SLF4J(W): Found provider [ch.qos.logback.classic.spi.LogbackServiceProvider@70f060de]
SLF4J(W): See https://www.slf4j.org/codes.html#multiple_bindings for an explanation.
SLF4J(I): Actual provider is of type [scribe.slf4j.ScribeServiceProvider@3fa397a8]
2024.10.04 10:28:21 WARN  Flyway upgrade recommended: H2 2.3.230 is newer than this version of Flyway and support has not been tested. The latest supported version of H2 is 2.2.220.
2024.10.04 10:28:22 INFO  Attempting to connect to the build server...
2024.10.04 10:28:28 INFO  tracing is disabled for protocol BSP, to enable tracing of incoming and outgoing JSON messages create an empty file at /home/eon/Documentos/TFM/RISC-V-CPU/.metals/bsp.trace.json or /home/eon/.cache/metals/bsp.trace.json
2024.10.04 10:28:31 INFO  time: Connected to build server in 8.88s
2024.10.04 10:28:31 INFO  Connected to Build server: Bloop v1.6.0
2024.10.04 10:28:31 INFO  time: Imported build in 0.26s
2024.10.04 10:28:31 INFO  running doctor check
2024.10.04 10:28:31 INFO  java targets: root-test, root
2024.10.04 10:28:31 WARN  2.13.10 is no longer supported in the current Metals versions, using the last known supported version 1.3.3
2024.10.04 10:28:36 WARN  Flyway upgrade recommended: H2 2.3.230 is newer than this version of Flyway and support has not been tested. The latest supported version of H2 is 2.2.220.
2024.10.04 10:28:38 INFO  time: indexed workspace in 6.6s
2024.10.04 10:28:40 INFO  compiling root (16 scala sources)
2024.10.04 10:29:06 INFO  compiling root-test (6 scala sources)
2024.10.04 10:29:06 INFO  time: compiled root in 27s
2024.10.04 10:29:12 INFO  time: compiled root-test in 5.95s
2024.10.04 11:41:41 INFO  tracing is disabled for protocol dap-server, to enable tracing of incoming and outgoing JSON messages create an empty file at /home/eon/Documentos/TFM/RISC-V-CPU/.metals/dap-server.trace.json or /home/eon/.cache/metals/dap-server.trace.json
2024.10.04 11:41:41 INFO  tracing is disabled for protocol dap-client, to enable tracing of incoming and outgoing JSON messages create an empty file at /home/eon/Documentos/TFM/RISC-V-CPU/.metals/dap-client.trace.json or /home/eon/.cache/metals/dap-client.trace.json
2024.10.04 11:41:41 INFO  Starting debug proxy for [riscv.singlecycle.InstructionFetchTest()]
2024.10.04 11:41:42 INFO  Initialized Scala 3 decoder in 5 milliseconds
2024.10.04 11:41:42 INFO  Trying to attach to remote debuggee VM localhost:46721 .
2024.10.04 11:41:42 INFO  Attaching to debuggee VM succeeded.
2024.10.04 11:41:53 INFO  Canceling debug proxy for [riscv.singlecycle.InstructionFetchTest()]
2024.10.04 11:41:53 INFO  Closing debug server tcp://0.0.0.0:44513
2024.10.04 11:53:46 INFO  compiling root (1 scala source)
2024.10.04 11:53:49 INFO  time: compiled root in 2.71s
2024.10.04 11:54:00 INFO  compiling root (1 scala source)
oct 04, 2024 11:54:01 A. M. org.eclipse.lsp4j.jsonrpc.RemoteEndpoint handleCancellation
ADVERTENCIA: Unmatched cancel notification for request id 1548
oct 04, 2024 11:54:02 A. M. org.eclipse.lsp4j.jsonrpc.RemoteEndpoint handleCancellation
ADVERTENCIA: Unmatched cancel notification for request id 1551
2024.10.04 11:54:02 INFO  time: compiled root in 2.19s
oct 04, 2024 11:54:02 A. M. scala.meta.internal.pc.CompilerAccess retryWithCleanCompiler
INFORMACIÓN: compiler crashed due to an error in the Scala compiler, retrying with new compiler instance.
2024.10.04 11:54:06 INFO  compiling root (1 scala source)
2024.10.04 11:54:07 INFO  time: compiled root in 1.76s
2024.10.04 11:54:10 INFO  compiling root (1 scala source)
2024.10.04 11:54:11 INFO  time: compiled root in 1.76s
2024.10.04 11:54:14 INFO  compiling root (1 scala source)
2024.10.04 11:54:16 INFO  time: compiled root in 2.19s
2024.10.04 11:54:18 INFO  compiling root (1 scala source)
2024.10.04 11:54:19 INFO  time: compiled root in 1.47s
2024.10.04 11:54:20 INFO  compiling root (1 scala source)
2024.10.04 11:54:22 INFO  time: compiled root in 1.34s
2024.10.04 11:54:29 INFO  compiling root (1 scala source)
2024.10.04 11:54:31 INFO  time: compiled root in 1.39s
2024.10.04 11:54:31 INFO  compiling root (1 scala source)
2024.10.04 11:54:31 WARN  Could not load snapshot text for /home/eon/Documentos/TFM/RISC-V-CPU/ca2023-lab3/src/main/scala/riscv/core/InstructionFetch.scala
2024.10.04 11:54:32 INFO  time: compiled root in 1.6s
2024.10.04 11:54:38 INFO  compiling root (1 scala source)
2024.10.04 11:54:39 INFO  time: compiled root in 1.28s
2024.10.04 11:54:51 INFO  compiling root (1 scala source)
2024.10.04 11:54:52 INFO  time: compiled root in 1.12s
2024.10.04 11:55:23 INFO  compiling root (1 scala source)
2024.10.04 11:55:24 INFO  time: compiled root in 1.12s
2024.10.04 11:55:28 INFO  compiling root (1 scala source)
2024.10.04 11:55:29 INFO  time: compiled root in 1.06s
2024.10.04 11:55:40 INFO  compiling root (1 scala source)
2024.10.04 11:55:41 INFO  time: compiled root in 1.08s
2024.10.04 11:55:49 INFO  compiling root (1 scala source)
2024.10.04 11:55:50 INFO  time: compiled root in 1.19s
2024.10.04 11:55:58 INFO  compiling root (1 scala source)
2024.10.04 11:55:59 INFO  time: compiled root in 1.1s
2024.10.04 11:56:19 INFO  compiling root (1 scala source)
2024.10.04 11:56:21 INFO  time: compiled root in 1.61s
2024.10.04 11:56:21 INFO  compiling root (1 scala source)
2024.10.04 11:56:22 INFO  time: compiled root in 0.16s
2024.10.04 11:56:22 WARN  Could not load snapshot text for /home/eon/Documentos/TFM/RISC-V-CPU/ca2023-lab3/src/main/scala/riscv/core/InstructionFetch.scala
2024.10.04 11:56:23 WARN  Could not load snapshot text for /home/eon/Documentos/TFM/RISC-V-CPU/ca2023-lab3/src/main/scala/riscv/core/InstructionFetch.scala
2024.10.04 11:56:24 WARN  Could not load snapshot text for /home/eon/Documentos/TFM/RISC-V-CPU/ca2023-lab3/src/main/scala/riscv/core/InstructionFetch.scala
2024.10.04 11:56:24 WARN  Could not load snapshot text for /home/eon/Documentos/TFM/RISC-V-CPU/ca2023-lab3/src/main/scala/riscv/core/InstructionFetch.scala
2024.10.04 11:56:26 WARN  Could not load snapshot text for /home/eon/Documentos/TFM/RISC-V-CPU/ca2023-lab3/src/main/scala/riscv/core/InstructionFetch.scala
2024.10.04 11:56:27 WARN  Could not load snapshot text for /home/eon/Documentos/TFM/RISC-V-CPU/ca2023-lab3/src/main/scala/riscv/core/InstructionFetch.scala
2024.10.04 11:56:27 WARN  Could not load snapshot text for /home/eon/Documentos/TFM/RISC-V-CPU/ca2023-lab3/src/main/scala/riscv/core/InstructionFetch.scala
2024.10.04 11:56:27 WARN  Could not load snapshot text for /home/eon/Documentos/TFM/RISC-V-CPU/ca2023-lab3/src/main/scala/riscv/core/InstructionFetch.scala
2024.10.04 11:56:28 INFO  compiling root (1 scala source)
2024.10.04 11:56:28 INFO  time: compiled root in 0.25s
2024.10.04 11:56:29 WARN  Could not load snapshot text for /home/eon/Documentos/TFM/RISC-V-CPU/ca2023-lab3/src/main/scala/riscv/core/InstructionFetch.scala
2024.10.04 11:56:29 WARN  Could not load snapshot text for /home/eon/Documentos/TFM/RISC-V-CPU/ca2023-lab3/src/main/scala/riscv/core/InstructionFetch.scala
2024.10.04 11:56:30 INFO  compiling root (1 scala source)
2024.10.04 11:56:30 INFO  time: compiled root in 0.23s
2024.10.04 11:56:31 WARN  Could not load snapshot text for /home/eon/Documentos/TFM/RISC-V-CPU/ca2023-lab3/src/main/scala/riscv/core/InstructionFetch.scala
oct 04, 2024 11:56:31 A. M. org.eclipse.lsp4j.jsonrpc.RemoteEndpoint handleCancellation
ADVERTENCIA: Unmatched cancel notification for request id 2135
2024.10.04 11:56:31 WARN  Could not load snapshot text for /home/eon/Documentos/TFM/RISC-V-CPU/ca2023-lab3/src/main/scala/riscv/core/InstructionFetch.scala
2024.10.04 11:56:32 INFO  compiling root (1 scala source)
2024.10.04 11:56:32 INFO  time: compiled root in 0.19s
2024.10.04 11:56:32 WARN  Could not load snapshot text for /home/eon/Documentos/TFM/RISC-V-CPU/ca2023-lab3/src/main/scala/riscv/core/InstructionFetch.scala
2024.10.04 11:56:42 WARN  Could not load snapshot text for /home/eon/Documentos/TFM/RISC-V-CPU/ca2023-lab3/src/main/scala/riscv/core/InstructionFetch.scala
2024.10.04 11:56:42 WARN  Could not load snapshot text for /home/eon/Documentos/TFM/RISC-V-CPU/ca2023-lab3/src/main/scala/riscv/core/InstructionFetch.scala
2024.10.04 11:56:42 WARN  Could not load snapshot text for /home/eon/Documentos/TFM/RISC-V-CPU/ca2023-lab3/src/main/scala/riscv/core/InstructionFetch.scala
2024.10.04 11:56:43 WARN  Could not load snapshot text for /home/eon/Documentos/TFM/RISC-V-CPU/ca2023-lab3/src/main/scala/riscv/core/InstructionFetch.scala
2024.10.04 11:56:44 INFO  compiling root (1 scala source)
2024.10.04 11:56:44 INFO  time: compiled root in 0.2s
2024.10.04 11:56:44 WARN  Could not load snapshot text for /home/eon/Documentos/TFM/RISC-V-CPU/ca2023-lab3/src/main/scala/riscv/core/InstructionFetch.scala
2024.10.04 11:56:50 WARN  Could not load snapshot text for /home/eon/Documentos/TFM/RISC-V-CPU/ca2023-lab3/src/main/scala/riscv/core/InstructionFetch.scala
2024.10.04 11:56:51 INFO  compiling root (1 scala source)
2024.10.04 11:56:51 INFO  time: compiled root in 0.15s
2024.10.04 11:56:51 WARN  Could not load snapshot text for /home/eon/Documentos/TFM/RISC-V-CPU/ca2023-lab3/src/main/scala/riscv/core/InstructionFetch.scala
2024.10.04 11:57:03 WARN  Could not load snapshot text for /home/eon/Documentos/TFM/RISC-V-CPU/ca2023-lab3/src/main/scala/riscv/core/InstructionFetch.scala
2024.10.04 11:57:03 WARN  Could not load snapshot text for /home/eon/Documentos/TFM/RISC-V-CPU/ca2023-lab3/src/main/scala/riscv/core/InstructionFetch.scala
2024.10.04 11:57:04 WARN  Could not load snapshot text for /home/eon/Documentos/TFM/RISC-V-CPU/ca2023-lab3/src/main/scala/riscv/core/InstructionFetch.scala
2024.10.04 11:57:05 WARN  Could not load snapshot text for /home/eon/Documentos/TFM/RISC-V-CPU/ca2023-lab3/src/main/scala/riscv/core/InstructionFetch.scala
2024.10.04 11:57:06 INFO  compiling root (1 scala source)
2024.10.04 11:57:06 INFO  time: compiled root in 0.13s
2024.10.04 11:57:06 WARN  Could not load snapshot text for /home/eon/Documentos/TFM/RISC-V-CPU/ca2023-lab3/src/main/scala/riscv/core/InstructionFetch.scala
2024.10.04 11:57:07 WARN  Could not load snapshot text for /home/eon/Documentos/TFM/RISC-V-CPU/ca2023-lab3/src/main/scala/riscv/core/InstructionFetch.scala
2024.10.04 11:57:08 WARN  Could not load snapshot text for /home/eon/Documentos/TFM/RISC-V-CPU/ca2023-lab3/src/main/scala/riscv/core/InstructionFetch.scala
2024.10.04 11:57:08 WARN  Could not load snapshot text for /home/eon/Documentos/TFM/RISC-V-CPU/ca2023-lab3/src/main/scala/riscv/core/InstructionFetch.scala
2024.10.04 11:57:09 INFO  compiling root (1 scala source)
2024.10.04 11:57:09 INFO  time: compiled root in 0.2s
2024.10.04 11:57:10 WARN  Could not load snapshot text for /home/eon/Documentos/TFM/RISC-V-CPU/ca2023-lab3/src/main/scala/riscv/core/InstructionFetch.scala
2024.10.04 11:57:15 WARN  Could not load snapshot text for /home/eon/Documentos/TFM/RISC-V-CPU/ca2023-lab3/src/main/scala/riscv/core/InstructionFetch.scala
oct 04, 2024 11:57:15 A. M. org.eclipse.lsp4j.jsonrpc.RemoteEndpoint handleCancellation
ADVERTENCIA: Unmatched cancel notification for request id 2274
2024.10.04 11:57:15 WARN  Could not load snapshot text for /home/eon/Documentos/TFM/RISC-V-CPU/ca2023-lab3/src/main/scala/riscv/core/InstructionFetch.scala
2024.10.04 11:57:16 INFO  compiling root (1 scala source)
2024.10.04 11:57:16 INFO  time: compiled root in 0.2s
2024.10.04 11:57:16 WARN  Could not load snapshot text for /home/eon/Documentos/TFM/RISC-V-CPU/ca2023-lab3/src/main/scala/riscv/core/InstructionFetch.scala
2024.10.04 11:57:17 INFO  compiling root (1 scala source)
2024.10.04 11:57:17 INFO  time: compiled root in 0.24s
2024.10.04 11:57:18 WARN  Could not load snapshot text for /home/eon/Documentos/TFM/RISC-V-CPU/ca2023-lab3/src/main/scala/riscv/core/InstructionFetch.scala
2024.10.04 11:57:20 WARN  Could not load snapshot text for /home/eon/Documentos/TFM/RISC-V-CPU/ca2023-lab3/src/main/scala/riscv/core/InstructionFetch.scala
2024.10.04 11:57:20 WARN  Could not load snapshot text for /home/eon/Documentos/TFM/RISC-V-CPU/ca2023-lab3/src/main/scala/riscv/core/InstructionFetch.scala
2024.10.04 11:57:21 WARN  Could not load snapshot text for /home/eon/Documentos/TFM/RISC-V-CPU/ca2023-lab3/src/main/scala/riscv/core/InstructionFetch.scala
2024.10.04 11:57:21 WARN  Could not load snapshot text for /home/eon/Documentos/TFM/RISC-V-CPU/ca2023-lab3/src/main/scala/riscv/core/InstructionFetch.scala
2024.10.04 11:57:22 INFO  compiling root (1 scala source)
2024.10.04 11:57:22 INFO  time: compiled root in 0.32s
2024.10.04 11:57:23 WARN  Could not load snapshot text for /home/eon/Documentos/TFM/RISC-V-CPU/ca2023-lab3/src/main/scala/riscv/core/InstructionFetch.scala
2024.10.04 11:57:24 WARN  Could not load snapshot text for /home/eon/Documentos/TFM/RISC-V-CPU/ca2023-lab3/src/main/scala/riscv/core/InstructionFetch.scala
2024.10.04 11:57:24 WARN  Could not load snapshot text for /home/eon/Documentos/TFM/RISC-V-CPU/ca2023-lab3/src/main/scala/riscv/core/InstructionFetch.scala
2024.10.04 11:57:25 INFO  compiling root (1 scala source)
2024.10.04 11:57:26 INFO  time: compiled root in 1.05s
2024.10.04 11:57:34 INFO  tracing is disabled for protocol dap-server, to enable tracing of incoming and outgoing JSON messages create an empty file at /home/eon/Documentos/TFM/RISC-V-CPU/.metals/dap-server.trace.json or /home/eon/.cache/metals/dap-server.trace.json
2024.10.04 11:57:34 INFO  tracing is disabled for protocol dap-client, to enable tracing of incoming and outgoing JSON messages create an empty file at /home/eon/Documentos/TFM/RISC-V-CPU/.metals/dap-client.trace.json or /home/eon/.cache/metals/dap-client.trace.json
2024.10.04 11:57:34 INFO  Starting debug proxy for [riscv.singlecycle.InstructionFetchTest()]
2024.10.04 11:57:34 INFO  Initialized Scala 3 decoder in 1 millisecond
2024.10.04 11:57:34 INFO  Trying to attach to remote debuggee VM localhost:59747 .
2024.10.04 11:57:34 INFO  Attaching to debuggee VM succeeded.
2024.10.04 11:57:44 INFO  Canceling debug proxy for [riscv.singlecycle.InstructionFetchTest()]
2024.10.04 11:57:44 INFO  Closing debug server tcp://0.0.0.0:34457
2024.10.04 11:58:07 INFO  compiling root-test (1 scala source)
2024.10.04 11:58:07 INFO  time: compiled root-test in 0.24s
2024.10.04 11:58:08 INFO  compiling root-test (1 scala source)
2024.10.04 11:58:08 INFO  time: compiled root-test in 0.29s
2024.10.04 11:58:12 INFO  compiling root-test (1 scala source)
2024.10.04 11:58:14 INFO  time: compiled root-test in 1.52s
2024.10.04 11:58:14 INFO  compiling root-test (1 scala source)
2024.10.04 11:58:16 WARN  Could not load snapshot text for /home/eon/Documentos/TFM/RISC-V-CPU/ca2023-lab3/src/test/scala/riscv/singlecycle/InstructionFetchTest.scala
2024.10.04 11:58:16 INFO  time: compiled root-test in 1.52s
2024.10.04 11:58:17 INFO  compiling root-test (1 scala source)
2024.10.04 11:58:19 INFO  time: compiled root-test in 1.48s
2024.10.04 11:58:22 INFO  tracing is disabled for protocol dap-server, to enable tracing of incoming and outgoing JSON messages create an empty file at /home/eon/Documentos/TFM/RISC-V-CPU/.metals/dap-server.trace.json or /home/eon/.cache/metals/dap-server.trace.json
2024.10.04 11:58:23 INFO  tracing is disabled for protocol dap-client, to enable tracing of incoming and outgoing JSON messages create an empty file at /home/eon/Documentos/TFM/RISC-V-CPU/.metals/dap-client.trace.json or /home/eon/.cache/metals/dap-client.trace.json
2024.10.04 11:58:23 INFO  Starting debug proxy for [riscv.singlecycle.InstructionFetchTest()]
2024.10.04 11:58:23 INFO  Initialized Scala 3 decoder in 1 millisecond
2024.10.04 11:58:23 INFO  Trying to attach to remote debuggee VM localhost:56143 .
2024.10.04 11:58:23 INFO  Attaching to debuggee VM succeeded.
2024.10.04 11:58:33 INFO  Canceling debug proxy for [riscv.singlecycle.InstructionFetchTest()]
2024.10.04 11:58:33 INFO  Closing debug server tcp://0.0.0.0:38559
2024.10.04 11:58:50 INFO  compiling root-test (1 scala source)
2024.10.04 11:58:51 INFO  time: compiled root-test in 1.31s
2024.10.04 11:59:07 INFO  compiling root (1 scala source)
2024.10.04 11:59:08 INFO  time: compiled root in 1.07s
2024.10.04 11:59:12 INFO  compiling root (1 scala source)
2024.10.04 11:59:13 INFO  time: compiled root in 1.07s
2024.10.04 13:05:52 INFO  Shutting down server
2024.10.04 13:05:52 INFO  shutting down Metals
2024.10.04 13:05:52 INFO  Shut down connection with build server.
2024.10.04 13:05:52 INFO  Exiting server
